[ledger] listening on 3103
node:events:497
      throw er; // Unhandled 'error' event
      ^

Error: listen EADDRINUSE: address already in use :::3103
    at Server.setupListenHandle [as _listen2] (node:net:1940:16)
    at listenInCluster (node:net:1997:12)
    at Server.listen (node:net:2102:7)
    at Function.listen (/data/data/com.termux/files/home/knowingmind-suite/services/ledger/node_modules/express/lib/application.js:635:24)
    at Object.<anonymous> (/data/data/com.termux/files/home/knowingmind-suite/services/ledger/server.js:8:5)
    at Module._compile (node:internal/modules/cjs/loader:1706:14)
    at Module._extensions..js (node:internal/modules/cjs/loader:1839:10)
    at Module.load (node:internal/modules/cjs/loader:1441:32)
    at Module._load (node:internal/modules/cjs/loader:1263:12)
    at TracingChannel.traceSync (node:diagnostics_channel:322:14)
Emitted 'error' event on Server instance at:
    at emitErrorNT (node:net:1976:8)
    at process.processTicksAndRejections (node:internal/process/task_queues:90:21) {
  code: 'EADDRINUSE',
  errno: -98,
  syscall: 'listen',
  address: '::',
  port: 3103
}

Node.js v22.19.0
node:events:497
      throw er; // Unhandled 'error' event
      ^

Error: listen EADDRINUSE: address already in use :::3103
    at Server.setupListenHandle [as _listen2] (node:net:1940:16)
    at listenInCluster (node:net:1997:12)
    at Server.listen (node:net:2102:7)
    at Function.listen (/data/data/com.termux/files/home/knowingmind-suite/services/ledger/node_modules/express/lib/application.js:635:24)
    at Object.<anonymous> (/data/data/com.termux/files/home/knowingmind-suite/services/ledger/server.js:8:5)
    at Module._compile (node:internal/modules/cjs/loader:1706:14)
    at Module._extensions..js (node:internal/modules/cjs/loader:1839:10)
    at Module.load (node:internal/modules/cjs/loader:1441:32)
    at Module._load (node:internal/modules/cjs/loader:1263:12)
    at TracingChannel.traceSync (node:diagnostics_channel:322:14)
Emitted 'error' event on Server instance at:
    at emitErrorNT (node:net:1976:8)
    at process.processTicksAndRejections (node:internal/process/task_queues:90:21) {
  code: 'EADDRINUSE',
  errno: -98,
  syscall: 'listen',
  address: '::',
  port: 3103
}

Node.js v22.19.0
node:events:497
      throw er; // Unhandled 'error' event
      ^

Error: listen EADDRINUSE: address already in use :::3103
    at Server.setupListenHandle [as _listen2] (node:net:1940:16)
    at listenInCluster (node:net:1997:12)
    at Server.listen (node:net:2102:7)
    at Function.listen (/data/data/com.termux/files/home/knowingmind-suite/services/ledger/node_modules/express/lib/application.js:635:24)
    at Object.<anonymous> (/data/data/com.termux/files/home/knowingmind-suite/services/ledger/server.js:8:5)
    at Module._compile (node:internal/modules/cjs/loader:1706:14)
    at Module._extensions..js (node:internal/modules/cjs/loader:1839:10)
    at Module.load (node:internal/modules/cjs/loader:1441:32)
    at Module._load (node:internal/modules/cjs/loader:1263:12)
    at TracingChannel.traceSync (node:diagnostics_channel:322:14)
Emitted 'error' event on Server instance at:
    at emitErrorNT (node:net:1976:8)
    at process.processTicksAndRejections (node:internal/process/task_queues:90:21) {
  code: 'EADDRINUSE',
  errno: -98,
  syscall: 'listen',
  address: '::',
  port: 3103
}

Node.js v22.19.0
